<?xml version="1.0" encoding="UTF-8"?>
<robot generator="Robot 6.1.1 (Python 3.13.1 on darwin)" generated="20251117 20:32:07.107" rpa="false" schemaversion="4">
<suite id="s1" name="Tests" source="/Users/rene/kurssit/Ohjelmistotuotanto/ohturepo2/osa3/login-robot/src/tests">
<suite id="s1-s1" name="Login" source="/Users/rene/kurssit/Ohjelmistotuotanto/ohturepo2/osa3/login-robot/src/tests/login.robot">
<test id="s1-s1-t1" name="Login With Correct Credentials" line="6">
<kw name="Create User And Input Login Command" type="SETUP">
<kw name="Create User" library="AppLibrary">
<arg>kalle</arg>
<arg>kalle123</arg>
<status status="PASS" starttime="20251117 20:32:07.125" endtime="20251117 20:32:07.125"/>
</kw>
<kw name="Input Login Command" library="resource">
<kw name="Input" library="AppLibrary">
<arg>login</arg>
<status status="PASS" starttime="20251117 20:32:07.125" endtime="20251117 20:32:07.125"/>
</kw>
<status status="PASS" starttime="20251117 20:32:07.125" endtime="20251117 20:32:07.125"/>
</kw>
<status status="PASS" starttime="20251117 20:32:07.124" endtime="20251117 20:32:07.125"/>
</kw>
<kw name="Input Credentials" library="resource">
<arg>kalle</arg>
<arg>kalle123</arg>
<kw name="Input" library="AppLibrary">
<arg>${username}</arg>
<status status="PASS" starttime="20251117 20:32:07.125" endtime="20251117 20:32:07.125"/>
</kw>
<kw name="Input" library="AppLibrary">
<arg>${password}</arg>
<status status="PASS" starttime="20251117 20:32:07.125" endtime="20251117 20:32:07.125"/>
</kw>
<kw name="Run Application" library="AppLibrary">
<status status="PASS" starttime="20251117 20:32:07.125" endtime="20251117 20:32:07.125"/>
</kw>
<status status="PASS" starttime="20251117 20:32:07.125" endtime="20251117 20:32:07.125"/>
</kw>
<kw name="Output Should Contain" library="AppLibrary">
<arg>Logged in</arg>
<status status="PASS" starttime="20251117 20:32:07.125" endtime="20251117 20:32:07.125"/>
</kw>
<status status="PASS" starttime="20251117 20:32:07.124" endtime="20251117 20:32:07.125"/>
</test>
<test id="s1-s1-t2" name="Login With Incorrect Password" line="10">
<kw name="Create User And Input Login Command" type="SETUP">
<kw name="Create User" library="AppLibrary">
<arg>kalle</arg>
<arg>kalle123</arg>
<status status="PASS" starttime="20251117 20:32:07.125" endtime="20251117 20:32:07.125"/>
</kw>
<kw name="Input Login Command" library="resource">
<kw name="Input" library="AppLibrary">
<arg>login</arg>
<status status="PASS" starttime="20251117 20:32:07.126" endtime="20251117 20:32:07.126"/>
</kw>
<status status="PASS" starttime="20251117 20:32:07.125" endtime="20251117 20:32:07.126"/>
</kw>
<status status="PASS" starttime="20251117 20:32:07.125" endtime="20251117 20:32:07.126"/>
</kw>
<kw name="Input Credentials" library="resource">
<arg>kalle</arg>
<arg>kissa123</arg>
<kw name="Input" library="AppLibrary">
<arg>${username}</arg>
<status status="PASS" starttime="20251117 20:32:07.126" endtime="20251117 20:32:07.126"/>
</kw>
<kw name="Input" library="AppLibrary">
<arg>${password}</arg>
<status status="PASS" starttime="20251117 20:32:07.126" endtime="20251117 20:32:07.126"/>
</kw>
<kw name="Run Application" library="AppLibrary">
<status status="PASS" starttime="20251117 20:32:07.126" endtime="20251117 20:32:07.126"/>
</kw>
<status status="PASS" starttime="20251117 20:32:07.126" endtime="20251117 20:32:07.126"/>
</kw>
<kw name="Output Should Contain" library="AppLibrary">
<arg>Invalid username or password</arg>
<status status="PASS" starttime="20251117 20:32:07.126" endtime="20251117 20:32:07.126"/>
</kw>
<status status="PASS" starttime="20251117 20:32:07.125" endtime="20251117 20:32:07.126"/>
</test>
<test id="s1-s1-t3" name="Login With Nonexistent Username" line="14">
<kw name="Create User And Input Login Command" type="SETUP">
<kw name="Create User" library="AppLibrary">
<arg>kalle</arg>
<arg>kalle123</arg>
<status status="PASS" starttime="20251117 20:32:07.126" endtime="20251117 20:32:07.126"/>
</kw>
<kw name="Input Login Command" library="resource">
<kw name="Input" library="AppLibrary">
<arg>login</arg>
<status status="PASS" starttime="20251117 20:32:07.126" endtime="20251117 20:32:07.126"/>
</kw>
<status status="PASS" starttime="20251117 20:32:07.126" endtime="20251117 20:32:07.126"/>
</kw>
<status status="PASS" starttime="20251117 20:32:07.126" endtime="20251117 20:32:07.126"/>
</kw>
<kw name="Input Credentials" library="resource">
<arg>kissa</arg>
<arg>kalle123</arg>
<kw name="Input" library="AppLibrary">
<arg>${username}</arg>
<status status="PASS" starttime="20251117 20:32:07.126" endtime="20251117 20:32:07.126"/>
</kw>
<kw name="Input" library="AppLibrary">
<arg>${password}</arg>
<status status="PASS" starttime="20251117 20:32:07.126" endtime="20251117 20:32:07.126"/>
</kw>
<kw name="Run Application" library="AppLibrary">
<status status="PASS" starttime="20251117 20:32:07.126" endtime="20251117 20:32:07.127"/>
</kw>
<status status="PASS" starttime="20251117 20:32:07.126" endtime="20251117 20:32:07.127"/>
</kw>
<kw name="Output Should Contain" library="AppLibrary">
<arg>Invalid username or password</arg>
<status status="PASS" starttime="20251117 20:32:07.127" endtime="20251117 20:32:07.127"/>
</kw>
<status status="PASS" starttime="20251117 20:32:07.126" endtime="20251117 20:32:07.127"/>
</test>
<status status="PASS" starttime="20251117 20:32:07.120" endtime="20251117 20:32:07.127"/>
</suite>
<suite id="s1-s2" name="Register" source="/Users/rene/kurssit/Ohjelmistotuotanto/ohturepo2/osa3/login-robot/src/tests/register.robot">
<test id="s1-s2-t1" name="Register With Valid Username And Password" line="6">
<kw name="Input New Command And Create User" type="SETUP">
<kw name="Input New Command" library="resource">
<kw name="Input" library="AppLibrary">
<arg>new</arg>
<status status="PASS" starttime="20251117 20:32:07.128" endtime="20251117 20:32:07.128"/>
</kw>
<status status="PASS" starttime="20251117 20:32:07.128" endtime="20251117 20:32:07.128"/>
</kw>
<kw name="Create User" library="AppLibrary">
<arg>kalle</arg>
<arg>kalle123</arg>
<status status="PASS" starttime="20251117 20:32:07.128" endtime="20251117 20:32:07.128"/>
</kw>
<status status="PASS" starttime="20251117 20:32:07.128" endtime="20251117 20:32:07.128"/>
</kw>
<kw name="Input Credentials" library="resource">
<arg>matti</arg>
<arg>matti123</arg>
<kw name="Input" library="AppLibrary">
<arg>${username}</arg>
<status status="PASS" starttime="20251117 20:32:07.128" endtime="20251117 20:32:07.128"/>
</kw>
<kw name="Input" library="AppLibrary">
<arg>${password}</arg>
<status status="PASS" starttime="20251117 20:32:07.128" endtime="20251117 20:32:07.128"/>
</kw>
<kw name="Run Application" library="AppLibrary">
<status status="PASS" starttime="20251117 20:32:07.128" endtime="20251117 20:32:07.128"/>
</kw>
<status status="PASS" starttime="20251117 20:32:07.128" endtime="20251117 20:32:07.128"/>
</kw>
<kw name="Output Should Contain" library="AppLibrary">
<arg>New user registered</arg>
<status status="PASS" starttime="20251117 20:32:07.128" endtime="20251117 20:32:07.128"/>
</kw>
<status status="PASS" starttime="20251117 20:32:07.128" endtime="20251117 20:32:07.128"/>
</test>
<test id="s1-s2-t2" name="Register With Already Taken Username And Valid Password" line="10">
<kw name="Input New Command And Create User" type="SETUP">
<kw name="Input New Command" library="resource">
<kw name="Input" library="AppLibrary">
<arg>new</arg>
<status status="PASS" starttime="20251117 20:32:07.128" endtime="20251117 20:32:07.129"/>
</kw>
<status status="PASS" starttime="20251117 20:32:07.128" endtime="20251117 20:32:07.129"/>
</kw>
<kw name="Create User" library="AppLibrary">
<arg>kalle</arg>
<arg>kalle123</arg>
<status status="PASS" starttime="20251117 20:32:07.129" endtime="20251117 20:32:07.129"/>
</kw>
<status status="PASS" starttime="20251117 20:32:07.128" endtime="20251117 20:32:07.129"/>
</kw>
<kw name="Input Credentials" library="resource">
<arg>kalle</arg>
<arg>koira1234</arg>
<kw name="Input" library="AppLibrary">
<arg>${username}</arg>
<status status="PASS" starttime="20251117 20:32:07.129" endtime="20251117 20:32:07.129"/>
</kw>
<kw name="Input" library="AppLibrary">
<arg>${password}</arg>
<status status="PASS" starttime="20251117 20:32:07.129" endtime="20251117 20:32:07.129"/>
</kw>
<kw name="Run Application" library="AppLibrary">
<status status="PASS" starttime="20251117 20:32:07.129" endtime="20251117 20:32:07.129"/>
</kw>
<status status="PASS" starttime="20251117 20:32:07.129" endtime="20251117 20:32:07.129"/>
</kw>
<kw name="Output Should Contain" library="AppLibrary">
<arg>User with username kalle already exists</arg>
<status status="PASS" starttime="20251117 20:32:07.129" endtime="20251117 20:32:07.129"/>
</kw>
<status status="PASS" starttime="20251117 20:32:07.128" endtime="20251117 20:32:07.129"/>
</test>
<test id="s1-s2-t3" name="Register With Too Short Username And Valid Password" line="14">
<kw name="Input New Command And Create User" type="SETUP">
<kw name="Input New Command" library="resource">
<kw name="Input" library="AppLibrary">
<arg>new</arg>
<status status="PASS" starttime="20251117 20:32:07.129" endtime="20251117 20:32:07.129"/>
</kw>
<status status="PASS" starttime="20251117 20:32:07.129" endtime="20251117 20:32:07.129"/>
</kw>
<kw name="Create User" library="AppLibrary">
<arg>kalle</arg>
<arg>kalle123</arg>
<status status="PASS" starttime="20251117 20:32:07.129" endtime="20251117 20:32:07.129"/>
</kw>
<status status="PASS" starttime="20251117 20:32:07.129" endtime="20251117 20:32:07.129"/>
</kw>
<kw name="Input Credentials" library="resource">
<arg>ka</arg>
<arg>kissa1234</arg>
<kw name="Input" library="AppLibrary">
<arg>${username}</arg>
<status status="PASS" starttime="20251117 20:32:07.129" endtime="20251117 20:32:07.129"/>
</kw>
<kw name="Input" library="AppLibrary">
<arg>${password}</arg>
<status status="PASS" starttime="20251117 20:32:07.129" endtime="20251117 20:32:07.129"/>
</kw>
<kw name="Run Application" library="AppLibrary">
<status status="PASS" starttime="20251117 20:32:07.129" endtime="20251117 20:32:07.130"/>
</kw>
<status status="PASS" starttime="20251117 20:32:07.129" endtime="20251117 20:32:07.130"/>
</kw>
<kw name="Output Should Contain" library="AppLibrary">
<arg>Username is too short</arg>
<status status="PASS" starttime="20251117 20:32:07.130" endtime="20251117 20:32:07.130"/>
</kw>
<status status="PASS" starttime="20251117 20:32:07.129" endtime="20251117 20:32:07.130"/>
</test>
<test id="s1-s2-t4" name="Register With Enough Long But Invalid Username And Valid Password" line="18">
<kw name="Input New Command And Create User" type="SETUP">
<kw name="Input New Command" library="resource">
<kw name="Input" library="AppLibrary">
<arg>new</arg>
<status status="PASS" starttime="20251117 20:32:07.130" endtime="20251117 20:32:07.130"/>
</kw>
<status status="PASS" starttime="20251117 20:32:07.130" endtime="20251117 20:32:07.130"/>
</kw>
<kw name="Create User" library="AppLibrary">
<arg>kalle</arg>
<arg>kalle123</arg>
<status status="PASS" starttime="20251117 20:32:07.130" endtime="20251117 20:32:07.130"/>
</kw>
<status status="PASS" starttime="20251117 20:32:07.130" endtime="20251117 20:32:07.130"/>
</kw>
<kw name="Input Credentials" library="resource">
<arg>karrikoira1243</arg>
<arg>kissa1234</arg>
<kw name="Input" library="AppLibrary">
<arg>${username}</arg>
<status status="PASS" starttime="20251117 20:32:07.130" endtime="20251117 20:32:07.130"/>
</kw>
<kw name="Input" library="AppLibrary">
<arg>${password}</arg>
<status status="PASS" starttime="20251117 20:32:07.130" endtime="20251117 20:32:07.130"/>
</kw>
<kw name="Run Application" library="AppLibrary">
<status status="PASS" starttime="20251117 20:32:07.130" endtime="20251117 20:32:07.130"/>
</kw>
<status status="PASS" starttime="20251117 20:32:07.130" endtime="20251117 20:32:07.130"/>
</kw>
<kw name="Output Should Contain" library="AppLibrary">
<arg>Username contains forbidden characters</arg>
<status status="PASS" starttime="20251117 20:32:07.130" endtime="20251117 20:32:07.130"/>
</kw>
<status status="PASS" starttime="20251117 20:32:07.130" endtime="20251117 20:32:07.130"/>
</test>
<test id="s1-s2-t5" name="Register With Valid Username And Too Short Password" line="22">
<kw name="Input New Command And Create User" type="SETUP">
<kw name="Input New Command" library="resource">
<kw name="Input" library="AppLibrary">
<arg>new</arg>
<status status="PASS" starttime="20251117 20:32:07.131" endtime="20251117 20:32:07.131"/>
</kw>
<status status="PASS" starttime="20251117 20:32:07.130" endtime="20251117 20:32:07.131"/>
</kw>
<kw name="Create User" library="AppLibrary">
<arg>kalle</arg>
<arg>kalle123</arg>
<status status="PASS" starttime="20251117 20:32:07.131" endtime="20251117 20:32:07.131"/>
</kw>
<status status="PASS" starttime="20251117 20:32:07.130" endtime="20251117 20:32:07.131"/>
</kw>
<kw name="Input Credentials" library="resource">
<arg>karrikoira</arg>
<arg>kisu1</arg>
<kw name="Input" library="AppLibrary">
<arg>${username}</arg>
<status status="PASS" starttime="20251117 20:32:07.131" endtime="20251117 20:32:07.131"/>
</kw>
<kw name="Input" library="AppLibrary">
<arg>${password}</arg>
<status status="PASS" starttime="20251117 20:32:07.131" endtime="20251117 20:32:07.131"/>
</kw>
<kw name="Run Application" library="AppLibrary">
<status status="PASS" starttime="20251117 20:32:07.131" endtime="20251117 20:32:07.131"/>
</kw>
<status status="PASS" starttime="20251117 20:32:07.131" endtime="20251117 20:32:07.131"/>
</kw>
<kw name="Output Should Contain" library="AppLibrary">
<arg>Password is too short</arg>
<status status="PASS" starttime="20251117 20:32:07.131" endtime="20251117 20:32:07.131"/>
</kw>
<status status="PASS" starttime="20251117 20:32:07.130" endtime="20251117 20:32:07.131"/>
</test>
<test id="s1-s2-t6" name="Register With Valid Username And Long Enough Password Containing Only Letters" line="26">
<kw name="Input New Command And Create User" type="SETUP">
<kw name="Input New Command" library="resource">
<kw name="Input" library="AppLibrary">
<arg>new</arg>
<status status="PASS" starttime="20251117 20:32:07.131" endtime="20251117 20:32:07.131"/>
</kw>
<status status="PASS" starttime="20251117 20:32:07.131" endtime="20251117 20:32:07.131"/>
</kw>
<kw name="Create User" library="AppLibrary">
<arg>kalle</arg>
<arg>kalle123</arg>
<status status="PASS" starttime="20251117 20:32:07.131" endtime="20251117 20:32:07.131"/>
</kw>
<status status="PASS" starttime="20251117 20:32:07.131" endtime="20251117 20:32:07.131"/>
</kw>
<kw name="Input Credentials" library="resource">
<arg>kissakoira</arg>
<arg>pelkkiakirjaimia</arg>
<kw name="Input" library="AppLibrary">
<arg>${username}</arg>
<status status="PASS" starttime="20251117 20:32:07.131" endtime="20251117 20:32:07.131"/>
</kw>
<kw name="Input" library="AppLibrary">
<arg>${password}</arg>
<status status="PASS" starttime="20251117 20:32:07.131" endtime="20251117 20:32:07.131"/>
</kw>
<kw name="Run Application" library="AppLibrary">
<status status="PASS" starttime="20251117 20:32:07.131" endtime="20251117 20:32:07.132"/>
</kw>
<status status="PASS" starttime="20251117 20:32:07.131" endtime="20251117 20:32:07.132"/>
</kw>
<kw name="Output Should Contain" library="AppLibrary">
<arg>Password should not contain only alphabets</arg>
<status status="PASS" starttime="20251117 20:32:07.132" endtime="20251117 20:32:07.132"/>
</kw>
<status status="PASS" starttime="20251117 20:32:07.131" endtime="20251117 20:32:07.132"/>
</test>
<status status="PASS" starttime="20251117 20:32:07.127" endtime="20251117 20:32:07.132"/>
</suite>
<status status="PASS" starttime="20251117 20:32:07.108" endtime="20251117 20:32:07.132"/>
</suite>
<statistics>
<total>
<stat pass="9" fail="0" skip="0">All Tests</stat>
</total>
<tag>
</tag>
<suite>
<stat pass="9" fail="0" skip="0" id="s1" name="Tests">Tests</stat>
<stat pass="3" fail="0" skip="0" id="s1-s1" name="Login">Tests.Login</stat>
<stat pass="6" fail="0" skip="0" id="s1-s2" name="Register">Tests.Register</stat>
</suite>
</statistics>
<errors>
</errors>
</robot>
